10:58:24.299 [qtp800218956-21] INFO  MakeupDao - Found all makeup items in the database
10:58:30.036 [qtp800218956-20] INFO  UserDao - Found user by login and pass in the database
10:58:35.160 [qtp800218956-20] INFO  OrderItemDao - Found orderItems in the database
10:58:35.217 [qtp800218956-20] INFO  MakeupDao - Found makeup items by id in the database
10:58:35.220 [qtp800218956-20] INFO  MakeupDao - Found makeup items by id in the database
10:58:35.221 [qtp800218956-20] INFO  OrderItemDao - Found orderItems in the database
10:58:35.227 [qtp800218956-20] INFO  MakeupDao - Found makeup items by id in the database
10:58:35.228 [qtp800218956-20] INFO  OrderItemDao - Found orderItems in the database
10:58:35.234 [qtp800218956-20] INFO  MakeupDao - Found makeup items by id in the database
10:58:35.237 [qtp800218956-20] INFO  MakeupDao - Found makeup items by id in the database
10:58:35.237 [qtp800218956-20] INFO  OrderItemDao - Found orderItems in the database
10:58:35.238 [qtp800218956-20] INFO  OrderDao - Found orders by login in the database
10:58:38.138 [qtp800218956-20] INFO  MakeupDao - Found all makeup items in the database
10:58:40.051 [qtp800218956-29] INFO  OrderItemDao - Found orderItems in the database
10:58:40.057 [qtp800218956-29] INFO  MakeupDao - Found makeup items by id in the database
10:58:40.061 [qtp800218956-29] INFO  MakeupDao - Found makeup items by id in the database
10:58:40.062 [qtp800218956-29] INFO  OrderItemDao - Found orderItems in the database
10:58:40.068 [qtp800218956-29] INFO  MakeupDao - Found makeup items by id in the database
10:58:40.068 [qtp800218956-29] INFO  OrderItemDao - Found orderItems in the database
10:58:40.072 [qtp800218956-29] INFO  MakeupDao - Found makeup items by id in the database
10:58:40.076 [qtp800218956-29] INFO  MakeupDao - Found makeup items by id in the database
10:58:40.076 [qtp800218956-29] INFO  OrderItemDao - Found orderItems in the database
10:58:40.077 [qtp800218956-29] INFO  OrderDao - Found orders by login in the database
10:58:45.077 [qtp800218956-29] INFO  MakeupDao - Found all makeup items in the database
11:04:07.174 [qtp2050668346-23] INFO  UserDao - Add user
11:04:13.019 [qtp2050668346-23] INFO  UserDao - Found user by login and pass in the database
11:04:14.883 [qtp2050668346-23] INFO  MakeupDao - Found all makeup items in the database
11:11:22.542 [qtp1474155611-22] INFO  MakeupDao - Found all makeup items in the database
11:11:27.606 [qtp1474155611-18] INFO  MakeupDao - Found all makeup items in the database
11:12:31.437 [qtp2050668346-22] INFO  MakeupDao - Found all makeup items in the database
11:19:04.245 [qtp2050668346-28] INFO  MakeupDao - Found all makeup items in the database
11:19:17.071 [qtp2050668346-28] INFO  UserDao - Found user by login and pass in the database
11:19:19.699 [qtp2050668346-28] INFO  MakeupDao - Found all makeup items in the database
11:19:26.169 [qtp2050668346-28] INFO  MakeupDao - Found makeup items by id in the database
11:19:26.217 [qtp2050668346-28] INFO  MakeupDao - Found makeup items by id in the database
11:19:26.218 [qtp2050668346-28] INFO  StockDao - Found stock by makeupId in the database
11:19:26.229 [qtp2050668346-28] INFO  MakeupDao - Found all makeup items in the database
11:19:42.193 [qtp2050668346-28] INFO  MakeupDao - Found makeup items by id in the database
11:19:42.193 [qtp2050668346-28] INFO  StockDao - Found stock by makeupId in the database
11:19:42.198 [qtp2050668346-28] INFO  MakeupDao - Found makeup items by id in the database
11:19:42.199 [qtp2050668346-28] INFO  StockDao - Found stock by makeupId in the database
11:19:42.206 [qtp2050668346-28] INFO  StockDao - Update reserve stock in the database
11:19:42.235 [qtp2050668346-28] INFO  OrderDao - Order save
11:19:42.282 [qtp2050668346-28] INFO  MakeupDao - Found makeup items by id in the database
11:19:42.282 [qtp2050668346-28] INFO  OrderItemDao - Found orderItems in the database
11:19:42.286 [qtp2050668346-28] INFO  OrderDao - Found orders by secureId in the database
11:19:53.125 [qtp2050668346-28] INFO  MakeupDao - Found all makeup items in the database
11:23:58.888 [qtp1474155611-21] INFO  MakeupDao - Found all makeup items in the database
11:28:07.798 [qtp800218956-20] INFO  MakeupDao - Found all makeup items in the database
11:28:13.595 [qtp800218956-27] INFO  MakeupDao - Found all makeup items in the database
11:28:14.875 [qtp800218956-18] INFO  MakeupDao - Found all makeup items in the database
11:28:15.753 [qtp800218956-20] INFO  MakeupDao - Found all makeup items in the database
11:28:16.583 [qtp800218956-19] INFO  MakeupDao - Found all makeup items in the database
11:30:15.760 [qtp1474155611-21] INFO  MakeupDao - Found all makeup items in the database
11:30:36.595 [qtp1474155611-27] INFO  MakeupDao - Found all makeup items in the database
11:32:16.740 [qtp800218956-26] INFO  MakeupDao - Found all makeup items in the database
11:32:22.013 [qtp800218956-29] INFO  MakeupDao - Found makeup items by id in the database
11:32:38.148 [qtp800218956-29] INFO  UserDao - Found user by login and pass in the database
11:32:40.662 [qtp800218956-29] INFO  MakeupDao - Found all makeup items in the database
11:32:43.002 [qtp800218956-29] INFO  MakeupDao - Found makeup items by id in the database
11:32:46.711 [qtp800218956-29] INFO  MakeupDao - Found makeup items by id in the database
11:32:46.762 [qtp800218956-29] INFO  MakeupDao - Found makeup items by id in the database
11:32:46.762 [qtp800218956-29] INFO  StockDao - Found stock by makeupId in the database
11:32:46.776 [qtp800218956-29] INFO  MakeupDao - Found makeup items by id in the database
11:32:57.748 [qtp800218956-29] INFO  MakeupDao - Found makeup items by id in the database
11:32:57.748 [qtp800218956-29] INFO  StockDao - Found stock by makeupId in the database
11:32:57.755 [qtp800218956-29] INFO  MakeupDao - Found makeup items by id in the database
11:32:57.756 [qtp800218956-29] INFO  StockDao - Found stock by makeupId in the database
11:32:57.762 [qtp800218956-29] INFO  StockDao - Update reserve stock in the database
11:32:57.791 [qtp800218956-29] INFO  OrderDao - Order save
11:32:57.835 [qtp800218956-29] INFO  MakeupDao - Found makeup items by id in the database
11:32:57.835 [qtp800218956-29] INFO  OrderItemDao - Found orderItems in the database
11:32:57.839 [qtp800218956-29] INFO  OrderDao - Found orders by secureId in the database
11:33:00.952 [qtp800218956-29] INFO  OrderItemDao - Found orderItems in the database
11:33:00.958 [qtp800218956-29] INFO  MakeupDao - Found makeup items by id in the database
11:33:00.961 [qtp800218956-29] INFO  MakeupDao - Found makeup items by id in the database
11:33:00.962 [qtp800218956-29] INFO  OrderItemDao - Found orderItems in the database
11:33:00.966 [qtp800218956-29] INFO  MakeupDao - Found makeup items by id in the database
11:33:00.967 [qtp800218956-29] INFO  OrderItemDao - Found orderItems in the database
11:33:00.973 [qtp800218956-29] INFO  MakeupDao - Found makeup items by id in the database
11:33:00.977 [qtp800218956-29] INFO  MakeupDao - Found makeup items by id in the database
11:33:00.977 [qtp800218956-29] INFO  OrderItemDao - Found orderItems in the database
11:33:00.983 [qtp800218956-29] INFO  MakeupDao - Found makeup items by id in the database
11:33:00.983 [qtp800218956-29] INFO  OrderItemDao - Found orderItems in the database
11:33:00.990 [qtp800218956-29] INFO  MakeupDao - Found makeup items by id in the database
11:33:00.991 [qtp800218956-29] INFO  OrderItemDao - Found orderItems in the database
11:33:00.991 [qtp800218956-29] INFO  OrderDao - Found orders by login in the database
11:57:33.083 [qtp800218956-35] INFO  MakeupDao - Found all makeup items in the database
11:57:35.045 [qtp800218956-34] INFO  MakeupDao - Found makeup items by id in the database
12:01:10.126 [qtp800218956-22] INFO  MakeupDao - Found all makeup items in the database
12:08:45.088 [qtp800218956-21] INFO  MakeupDao - Found all makeup items in the database
12:08:46.917 [qtp800218956-26] INFO  MakeupDao - Found all makeup items in the database
12:08:54.175 [qtp800218956-22] INFO  MakeupDao - Found all makeup items in the database
12:08:57.406 [qtp800218956-22] INFO  MakeupDao - Found all makeup items in the database
12:09:06.415 [qtp800218956-22] INFO  MakeupDao - Found all makeup items in the database
12:09:09.150 [qtp800218956-22] INFO  MakeupDao - Found makeup items by id in the database
12:20:28.999 [qtp875456779-27] INFO  MakeupDao - Found all makeup items in the database
12:20:41.358 [qtp875456779-18] INFO  MakeupDao - Found makeup items by id in the database
12:27:39.385 [qtp800218956-19] INFO  MakeupDao - Found all makeup items in the database
12:27:44.376 [qtp800218956-21] INFO  MakeupDao - Found makeup items by id in the database
12:28:24.375 [qtp800218956-21] INFO  MakeupDao - Found all makeup items in the database
12:28:53.032 [qtp800218956-20] INFO  MakeupDao - Found all makeup items in the database
12:28:58.051 [qtp800218956-27] INFO  MakeupDao - Found makeup items by id in the database
12:29:31.931 [qtp800218956-27] INFO  MakeupDao - Found makeup items by id in the database
12:29:59.541 [qtp800218956-19] INFO  MakeupDao - Found all makeup items in the database
12:30:04.510 [qtp800218956-26] INFO  MakeupDao - Found makeup items by id in the database
12:31:42.603 [qtp800218956-28] INFO  MakeupDao - Found all makeup items in the database
12:31:45.491 [qtp800218956-20] INFO  MakeupDao - Found makeup items by id in the database
12:33:15.912 [qtp1474155611-21] INFO  MakeupDao - Found all makeup items in the database
12:33:20.928 [qtp1474155611-24] INFO  MakeupDao - Found makeup items by id in the database
12:36:44.265 [qtp800218956-19] INFO  MakeupDao - Found all makeup items in the database
12:36:49.109 [qtp800218956-27] INFO  MakeupDao - Found makeup items by id in the database
12:38:39.160 [qtp800218956-27] INFO  MakeupDao - Found all makeup items in the database
12:38:59.085 [qtp800218956-27] INFO  MakeupDao - Found all makeup items in the database
12:39:05.378 [qtp800218956-27] INFO  MakeupDao - Found all makeup items in the database
12:39:15.344 [qtp800218956-27] INFO  MakeupDao - Found all makeup items in the database
12:39:27.365 [qtp800218956-27] INFO  MakeupDao - Found all makeup items in the database
12:43:11.661 [qtp875456779-20] INFO  MakeupDao - Found all makeup items in the database
12:43:27.556 [qtp875456779-29] INFO  MakeupDao - Found all makeup items in the database
12:47:04.558 [qtp1474155611-28] INFO  MakeupDao - Found all makeup items in the database
12:47:13.109 [qtp1474155611-18] INFO  MakeupDao - Found all makeup items in the database
12:47:17.088 [qtp1474155611-18] INFO  MakeupDao - Found all makeup items in the database
12:49:53.135 [qtp313053243-22] INFO  MakeupDao - Found all makeup items in the database
12:50:03.442 [qtp313053243-27] INFO  MakeupDao - Found all makeup items in the database
12:50:06.013 [qtp313053243-27] INFO  MakeupDao - Found all makeup items in the database
12:50:11.174 [qtp313053243-27] INFO  MakeupDao - Found all makeup items in the database
12:50:19.477 [qtp313053243-27] INFO  MakeupDao - Found all makeup items in the database
15:55:16.844 [qtp313053243-20] INFO  MakeupDao - Found all makeup items in the database
15:55:24.365 [qtp313053243-33] INFO  MakeupDao - Found makeup items by id in the database
15:55:29.738 [qtp313053243-21] INFO  UserDao - Found user by login and pass in the database
15:55:35.094 [qtp313053243-21] INFO  MakeupDao - Found all makeup items in the database
15:55:40.533 [qtp313053243-33] INFO  MakeupDao - Found makeup items by id in the database
15:55:40.578 [qtp313053243-33] INFO  MakeupDao - Found makeup items by id in the database
15:55:40.579 [qtp313053243-33] INFO  StockDao - Found stock by makeupId in the database
15:55:40.588 [qtp313053243-33] INFO  MakeupDao - Found all makeup items in the database
15:55:51.994 [qtp313053243-21] INFO  MakeupDao - Found makeup items by id in the database
15:55:51.994 [qtp313053243-21] INFO  StockDao - Found stock by makeupId in the database
15:55:51.999 [qtp313053243-21] INFO  MakeupDao - Found makeup items by id in the database
15:55:52.000 [qtp313053243-21] INFO  StockDao - Found stock by makeupId in the database
15:55:52.007 [qtp313053243-21] INFO  StockDao - Update reserve stock in the database
15:55:52.033 [qtp313053243-21] INFO  OrderDao - Order save
15:55:52.077 [qtp313053243-21] INFO  MakeupDao - Found makeup items by id in the database
15:55:52.078 [qtp313053243-21] INFO  OrderItemDao - Found orderItems in the database
15:55:52.080 [qtp313053243-21] INFO  OrderDao - Found orders by secureId in the database
15:55:55.103 [qtp313053243-21] INFO  OrderItemDao - Found orderItems in the database
15:55:55.109 [qtp313053243-21] INFO  MakeupDao - Found makeup items by id in the database
15:55:55.112 [qtp313053243-21] INFO  MakeupDao - Found makeup items by id in the database
15:55:55.112 [qtp313053243-21] INFO  OrderItemDao - Found orderItems in the database
15:55:55.118 [qtp313053243-21] INFO  MakeupDao - Found makeup items by id in the database
15:55:55.118 [qtp313053243-21] INFO  OrderItemDao - Found orderItems in the database
15:55:55.124 [qtp313053243-21] INFO  MakeupDao - Found makeup items by id in the database
15:55:55.128 [qtp313053243-21] INFO  MakeupDao - Found makeup items by id in the database
15:55:55.128 [qtp313053243-21] INFO  OrderItemDao - Found orderItems in the database
15:55:55.132 [qtp313053243-21] INFO  MakeupDao - Found makeup items by id in the database
15:55:55.132 [qtp313053243-21] INFO  OrderItemDao - Found orderItems in the database
15:55:55.139 [qtp313053243-21] INFO  MakeupDao - Found makeup items by id in the database
15:55:55.140 [qtp313053243-21] INFO  OrderItemDao - Found orderItems in the database
15:55:55.144 [qtp313053243-21] INFO  MakeupDao - Found makeup items by id in the database
15:55:55.145 [qtp313053243-21] INFO  OrderItemDao - Found orderItems in the database
15:55:55.145 [qtp313053243-21] INFO  OrderDao - Found orders by login in the database
15:56:26.629 [qtp313053243-28] INFO  MakeupDao - Found all makeup items in the database
15:56:29.581 [qtp313053243-21] INFO  MakeupDao - Found makeup items by id in the database
15:56:32.127 [qtp313053243-20] INFO  MakeupDao - Found all makeup items in the database
16:02:14.744 [qtp313053243-29] INFO  MakeupDao - Found makeup items by id in the database
16:39:11.602 [qtp119418333-29] INFO  MakeupDao - Found all makeup items in the database
16:39:19.618 [qtp119418333-18] INFO  MakeupDao - Found makeup items by id in the database
16:40:33.174 [qtp800218956-21] INFO  MakeupDao - Found makeup items by id in the database
16:40:38.105 [qtp800218956-22] INFO  MakeupDao - Found makeup items by id in the database
16:41:14.117 [qtp800218956-19] INFO  MakeupDao - Found makeup items by id in the database
16:42:25.505 [qtp1474155611-28] INFO  MakeupDao - Found makeup items by id in the database
16:43:24.823 [qtp1474155611-29] INFO  MakeupDao - Found makeup items by id in the database
16:44:02.588 [qtp1474155611-29] INFO  MakeupDao - Found makeup items by id in the database
16:45:27.407 [qtp1474155611-29] INFO  MakeupDao - Found makeup items by id in the database
16:46:10.321 [qtp1474155611-29] INFO  UserDao - Found user by login and pass in the database
16:46:12.654 [qtp1474155611-29] INFO  MakeupDao - Found all makeup items in the database
16:46:15.960 [qtp1474155611-28] INFO  MakeupDao - Found makeup items by id in the database
16:46:20.355 [qtp1474155611-29] INFO  MakeupDao - Found makeup items by id in the database
16:46:20.400 [qtp1474155611-29] INFO  MakeupDao - Found makeup items by id in the database
16:46:20.400 [qtp1474155611-29] INFO  StockDao - Found stock by makeupId in the database
16:46:20.411 [qtp1474155611-29] INFO  MakeupDao - Found makeup items by id in the database
16:46:36.638 [qtp1474155611-24] INFO  MakeupDao - Found makeup items by id in the database
16:46:36.639 [qtp1474155611-24] INFO  StockDao - Found stock by makeupId in the database
16:46:36.646 [qtp1474155611-24] INFO  MakeupDao - Found makeup items by id in the database
16:46:36.646 [qtp1474155611-24] INFO  StockDao - Found stock by makeupId in the database
16:46:36.652 [qtp1474155611-24] INFO  StockDao - Update reserve stock in the database
16:46:36.681 [qtp1474155611-24] INFO  OrderDao - Order save
16:46:36.731 [qtp1474155611-24] INFO  MakeupDao - Found makeup items by id in the database
16:46:36.732 [qtp1474155611-24] INFO  OrderItemDao - Found orderItems in the database
16:46:36.735 [qtp1474155611-24] INFO  OrderDao - Found orders by secureId in the database
16:46:50.198 [qtp1474155611-24] INFO  OrderItemDao - Found orderItems in the database
16:46:50.203 [qtp1474155611-24] INFO  MakeupDao - Found makeup items by id in the database
16:46:50.207 [qtp1474155611-24] INFO  MakeupDao - Found makeup items by id in the database
16:46:50.208 [qtp1474155611-24] INFO  OrderItemDao - Found orderItems in the database
16:46:50.213 [qtp1474155611-24] INFO  MakeupDao - Found makeup items by id in the database
16:46:50.213 [qtp1474155611-24] INFO  OrderItemDao - Found orderItems in the database
16:46:50.218 [qtp1474155611-24] INFO  MakeupDao - Found makeup items by id in the database
16:46:50.221 [qtp1474155611-24] INFO  MakeupDao - Found makeup items by id in the database
16:46:50.221 [qtp1474155611-24] INFO  OrderItemDao - Found orderItems in the database
16:46:50.228 [qtp1474155611-24] INFO  MakeupDao - Found makeup items by id in the database
16:46:50.228 [qtp1474155611-24] INFO  OrderItemDao - Found orderItems in the database
16:46:50.234 [qtp1474155611-24] INFO  MakeupDao - Found makeup items by id in the database
16:46:50.234 [qtp1474155611-24] INFO  OrderItemDao - Found orderItems in the database
16:46:50.239 [qtp1474155611-24] INFO  MakeupDao - Found makeup items by id in the database
16:46:50.240 [qtp1474155611-24] INFO  OrderItemDao - Found orderItems in the database
16:46:50.245 [qtp1474155611-24] INFO  MakeupDao - Found makeup items by id in the database
16:46:50.245 [qtp1474155611-24] INFO  OrderItemDao - Found orderItems in the database
16:46:50.246 [qtp1474155611-24] INFO  OrderDao - Found orders by login in the database
16:46:52.453 [qtp1474155611-24] INFO  OrderItemDao - Found orderItems in the database
16:46:52.453 [qtp1474155611-24] INFO  OrderDao - Found orders by secureId in the database
16:46:55.100 [qtp1474155611-24] INFO  OrderItemDao - Found orderItems in the database
16:46:55.105 [qtp1474155611-24] INFO  MakeupDao - Found makeup items by id in the database
16:46:55.108 [qtp1474155611-24] INFO  MakeupDao - Found makeup items by id in the database
16:46:55.109 [qtp1474155611-24] INFO  OrderItemDao - Found orderItems in the database
16:46:55.114 [qtp1474155611-24] INFO  MakeupDao - Found makeup items by id in the database
16:46:55.114 [qtp1474155611-24] INFO  OrderItemDao - Found orderItems in the database
16:46:55.119 [qtp1474155611-24] INFO  MakeupDao - Found makeup items by id in the database
16:46:55.123 [qtp1474155611-24] INFO  MakeupDao - Found makeup items by id in the database
16:46:55.123 [qtp1474155611-24] INFO  OrderItemDao - Found orderItems in the database
16:46:55.128 [qtp1474155611-24] INFO  MakeupDao - Found makeup items by id in the database
16:46:55.128 [qtp1474155611-24] INFO  OrderItemDao - Found orderItems in the database
16:46:55.133 [qtp1474155611-24] INFO  MakeupDao - Found makeup items by id in the database
16:46:55.133 [qtp1474155611-24] INFO  OrderItemDao - Found orderItems in the database
16:46:55.138 [qtp1474155611-24] INFO  MakeupDao - Found makeup items by id in the database
16:46:55.139 [qtp1474155611-24] INFO  OrderItemDao - Found orderItems in the database
16:46:55.144 [qtp1474155611-24] INFO  MakeupDao - Found makeup items by id in the database
16:46:55.144 [qtp1474155611-24] INFO  OrderItemDao - Found orderItems in the database
16:46:55.144 [qtp1474155611-24] INFO  OrderDao - Found orders by login in the database
16:46:58.277 [qtp1474155611-24] INFO  MakeupDao - Found makeup items by id in the database
16:46:58.277 [qtp1474155611-24] INFO  OrderItemDao - Found orderItems in the database
16:46:58.278 [qtp1474155611-24] INFO  OrderDao - Found orders by secureId in the database
16:47:13.477 [qtp1474155611-24] INFO  MakeupDao - Found all makeup items in the database
16:47:31.173 [qtp1474155611-24] INFO  OrderItemDao - Found orderItems in the database
16:47:31.178 [qtp1474155611-24] INFO  MakeupDao - Found makeup items by id in the database
16:47:31.180 [qtp1474155611-24] INFO  MakeupDao - Found makeup items by id in the database
16:47:31.181 [qtp1474155611-24] INFO  OrderItemDao - Found orderItems in the database
16:47:31.187 [qtp1474155611-24] INFO  MakeupDao - Found makeup items by id in the database
16:47:31.187 [qtp1474155611-24] INFO  OrderItemDao - Found orderItems in the database
16:47:31.193 [qtp1474155611-24] INFO  MakeupDao - Found makeup items by id in the database
16:47:31.195 [qtp1474155611-24] INFO  MakeupDao - Found makeup items by id in the database
16:47:31.196 [qtp1474155611-24] INFO  OrderItemDao - Found orderItems in the database
16:47:31.201 [qtp1474155611-24] INFO  MakeupDao - Found makeup items by id in the database
16:47:31.202 [qtp1474155611-24] INFO  OrderItemDao - Found orderItems in the database
16:47:31.207 [qtp1474155611-24] INFO  MakeupDao - Found makeup items by id in the database
16:47:31.207 [qtp1474155611-24] INFO  OrderItemDao - Found orderItems in the database
16:47:31.212 [qtp1474155611-24] INFO  MakeupDao - Found makeup items by id in the database
16:47:31.212 [qtp1474155611-24] INFO  OrderItemDao - Found orderItems in the database
16:47:31.216 [qtp1474155611-24] INFO  MakeupDao - Found makeup items by id in the database
16:47:31.217 [qtp1474155611-24] INFO  OrderItemDao - Found orderItems in the database
16:47:31.217 [qtp1474155611-24] INFO  OrderDao - Found orders by login in the database
16:47:45.806 [qtp1474155611-24] INFO  OrderItemDao - Found orderItems in the database
16:47:45.806 [qtp1474155611-24] INFO  OrderDao - Found orders by secureId in the database
16:51:43.657 [qtp1474155611-37] INFO  MakeupDao - Found all makeup items in the database
16:51:47.544 [qtp1474155611-24] INFO  OrderItemDao - Found orderItems in the database
16:51:47.548 [qtp1474155611-24] INFO  MakeupDao - Found makeup items by id in the database
16:51:47.551 [qtp1474155611-24] INFO  MakeupDao - Found makeup items by id in the database
16:51:47.552 [qtp1474155611-24] INFO  OrderItemDao - Found orderItems in the database
16:51:47.557 [qtp1474155611-24] INFO  MakeupDao - Found makeup items by id in the database
16:51:47.558 [qtp1474155611-24] INFO  OrderItemDao - Found orderItems in the database
16:51:47.563 [qtp1474155611-24] INFO  MakeupDao - Found makeup items by id in the database
16:51:47.566 [qtp1474155611-24] INFO  MakeupDao - Found makeup items by id in the database
16:51:47.567 [qtp1474155611-24] INFO  OrderItemDao - Found orderItems in the database
16:51:47.572 [qtp1474155611-24] INFO  MakeupDao - Found makeup items by id in the database
16:51:47.572 [qtp1474155611-24] INFO  OrderItemDao - Found orderItems in the database
16:51:47.576 [qtp1474155611-24] INFO  MakeupDao - Found makeup items by id in the database
16:51:47.577 [qtp1474155611-24] INFO  OrderItemDao - Found orderItems in the database
16:51:47.581 [qtp1474155611-24] INFO  MakeupDao - Found makeup items by id in the database
16:51:47.581 [qtp1474155611-24] INFO  OrderItemDao - Found orderItems in the database
16:51:47.587 [qtp1474155611-24] INFO  MakeupDao - Found makeup items by id in the database
16:51:47.588 [qtp1474155611-24] INFO  OrderItemDao - Found orderItems in the database
16:51:47.588 [qtp1474155611-24] INFO  OrderDao - Found orders by login in the database
16:53:02.400 [qtp119418333-20] INFO  MakeupDao - Found all makeup items in the database
16:53:08.019 [qtp119418333-21] INFO  MakeupDao - Found makeup items by id in the database
16:53:14.200 [qtp119418333-26] INFO  UserDao - Found user by login and pass in the database
16:53:17.361 [qtp119418333-26] INFO  OrderItemDao - Found orderItems in the database
16:53:17.411 [qtp119418333-26] INFO  MakeupDao - Found makeup items by id in the database
16:53:17.415 [qtp119418333-26] INFO  MakeupDao - Found makeup items by id in the database
16:53:17.415 [qtp119418333-26] INFO  OrderItemDao - Found orderItems in the database
16:53:17.421 [qtp119418333-26] INFO  MakeupDao - Found makeup items by id in the database
16:53:17.422 [qtp119418333-26] INFO  OrderItemDao - Found orderItems in the database
16:53:17.428 [qtp119418333-26] INFO  MakeupDao - Found makeup items by id in the database
16:53:17.431 [qtp119418333-26] INFO  MakeupDao - Found makeup items by id in the database
16:53:17.432 [qtp119418333-26] INFO  OrderItemDao - Found orderItems in the database
16:53:17.437 [qtp119418333-26] INFO  MakeupDao - Found makeup items by id in the database
16:53:17.438 [qtp119418333-26] INFO  OrderItemDao - Found orderItems in the database
16:53:17.442 [qtp119418333-26] INFO  MakeupDao - Found makeup items by id in the database
16:53:17.443 [qtp119418333-26] INFO  OrderItemDao - Found orderItems in the database
16:53:17.447 [qtp119418333-26] INFO  MakeupDao - Found makeup items by id in the database
16:53:17.448 [qtp119418333-26] INFO  OrderItemDao - Found orderItems in the database
16:53:17.453 [qtp119418333-26] INFO  MakeupDao - Found makeup items by id in the database
16:53:17.453 [qtp119418333-26] INFO  OrderItemDao - Found orderItems in the database
16:53:17.454 [qtp119418333-26] INFO  OrderDao - Found orders by login in the database
16:53:22.329 [qtp119418333-26] INFO  OrderItemDao - Found orderItems in the database
16:53:22.329 [qtp119418333-26] INFO  OrderDao - Found orders by secureId in the database
16:53:42.411 [qtp119418333-26] INFO  OrderItemDao - Found orderItems in the database
16:53:42.421 [qtp119418333-26] INFO  MakeupDao - Found makeup items by id in the database
16:53:42.425 [qtp119418333-26] INFO  MakeupDao - Found makeup items by id in the database
16:53:42.425 [qtp119418333-26] INFO  OrderItemDao - Found orderItems in the database
16:53:42.430 [qtp119418333-26] INFO  MakeupDao - Found makeup items by id in the database
16:53:42.430 [qtp119418333-26] INFO  OrderItemDao - Found orderItems in the database
16:53:42.436 [qtp119418333-26] INFO  MakeupDao - Found makeup items by id in the database
16:53:42.440 [qtp119418333-26] INFO  MakeupDao - Found makeup items by id in the database
16:53:42.441 [qtp119418333-26] INFO  OrderItemDao - Found orderItems in the database
16:53:42.447 [qtp119418333-26] INFO  MakeupDao - Found makeup items by id in the database
16:53:42.447 [qtp119418333-26] INFO  OrderItemDao - Found orderItems in the database
16:53:42.453 [qtp119418333-26] INFO  MakeupDao - Found makeup items by id in the database
16:53:42.454 [qtp119418333-26] INFO  OrderItemDao - Found orderItems in the database
16:53:42.459 [qtp119418333-26] INFO  MakeupDao - Found makeup items by id in the database
16:53:42.459 [qtp119418333-26] INFO  OrderItemDao - Found orderItems in the database
16:53:42.464 [qtp119418333-26] INFO  MakeupDao - Found makeup items by id in the database
16:53:42.465 [qtp119418333-26] INFO  OrderItemDao - Found orderItems in the database
16:53:42.465 [qtp119418333-26] INFO  OrderDao - Found orders by login in the database
16:53:46.741 [qtp119418333-26] INFO  OrderItemDao - Found orderItems in the database
16:53:46.741 [qtp119418333-26] INFO  OrderDao - Found orders by secureId in the database
16:55:20.885 [qtp119418333-18] INFO  OrderItemDao - Found orderItems in the database
16:55:20.892 [qtp119418333-18] INFO  MakeupDao - Found makeup items by id in the database
16:55:20.895 [qtp119418333-18] INFO  MakeupDao - Found makeup items by id in the database
16:55:20.895 [qtp119418333-18] INFO  OrderItemDao - Found orderItems in the database
16:55:20.900 [qtp119418333-18] INFO  MakeupDao - Found makeup items by id in the database
16:55:20.901 [qtp119418333-18] INFO  OrderItemDao - Found orderItems in the database
16:55:20.906 [qtp119418333-18] INFO  MakeupDao - Found makeup items by id in the database
16:55:20.910 [qtp119418333-18] INFO  MakeupDao - Found makeup items by id in the database
16:55:20.910 [qtp119418333-18] INFO  OrderItemDao - Found orderItems in the database
16:55:20.914 [qtp119418333-18] INFO  MakeupDao - Found makeup items by id in the database
16:55:20.915 [qtp119418333-18] INFO  OrderItemDao - Found orderItems in the database
16:55:20.920 [qtp119418333-18] INFO  MakeupDao - Found makeup items by id in the database
16:55:20.920 [qtp119418333-18] INFO  OrderItemDao - Found orderItems in the database
16:55:20.926 [qtp119418333-18] INFO  MakeupDao - Found makeup items by id in the database
16:55:20.926 [qtp119418333-18] INFO  OrderItemDao - Found orderItems in the database
16:55:20.931 [qtp119418333-18] INFO  MakeupDao - Found makeup items by id in the database
16:55:20.931 [qtp119418333-18] INFO  OrderItemDao - Found orderItems in the database
16:55:20.932 [qtp119418333-18] INFO  OrderDao - Found orders by login in the database
16:55:25.179 [qtp119418333-21] INFO  MakeupDao - Found makeup items by id in the database
16:55:25.179 [qtp119418333-21] INFO  OrderItemDao - Found orderItems in the database
16:55:25.180 [qtp119418333-21] INFO  OrderDao - Found orders by secureId in the database
16:55:29.801 [qtp119418333-26] INFO  MakeupDao - Found all makeup items in the database
16:55:33.144 [qtp119418333-24] INFO  OrderItemDao - Found orderItems in the database
16:55:33.149 [qtp119418333-24] INFO  MakeupDao - Found makeup items by id in the database
16:55:33.152 [qtp119418333-24] INFO  MakeupDao - Found makeup items by id in the database
16:55:33.152 [qtp119418333-24] INFO  OrderItemDao - Found orderItems in the database
16:55:33.158 [qtp119418333-24] INFO  MakeupDao - Found makeup items by id in the database
16:55:33.158 [qtp119418333-24] INFO  OrderItemDao - Found orderItems in the database
16:55:33.163 [qtp119418333-24] INFO  MakeupDao - Found makeup items by id in the database
16:55:33.166 [qtp119418333-24] INFO  MakeupDao - Found makeup items by id in the database
16:55:33.166 [qtp119418333-24] INFO  OrderItemDao - Found orderItems in the database
16:55:33.173 [qtp119418333-24] INFO  MakeupDao - Found makeup items by id in the database
16:55:33.173 [qtp119418333-24] INFO  OrderItemDao - Found orderItems in the database
16:55:33.177 [qtp119418333-24] INFO  MakeupDao - Found makeup items by id in the database
16:55:33.178 [qtp119418333-24] INFO  OrderItemDao - Found orderItems in the database
16:55:33.182 [qtp119418333-24] INFO  MakeupDao - Found makeup items by id in the database
16:55:33.182 [qtp119418333-24] INFO  OrderItemDao - Found orderItems in the database
16:55:33.188 [qtp119418333-24] INFO  MakeupDao - Found makeup items by id in the database
16:55:33.188 [qtp119418333-24] INFO  OrderItemDao - Found orderItems in the database
16:55:33.189 [qtp119418333-24] INFO  OrderDao - Found orders by login in the database
16:55:35.001 [qtp119418333-24] INFO  MakeupDao - Found makeup items by id in the database
16:55:35.001 [qtp119418333-24] INFO  OrderItemDao - Found orderItems in the database
16:55:35.001 [qtp119418333-24] INFO  OrderDao - Found orders by secureId in the database
16:55:36.933 [qtp119418333-26] INFO  MakeupDao - Found all makeup items in the database
16:55:39.158 [qtp119418333-18] INFO  OrderItemDao - Found orderItems in the database
16:55:39.162 [qtp119418333-18] INFO  MakeupDao - Found makeup items by id in the database
16:55:39.165 [qtp119418333-18] INFO  MakeupDao - Found makeup items by id in the database
16:55:39.165 [qtp119418333-18] INFO  OrderItemDao - Found orderItems in the database
16:55:39.170 [qtp119418333-18] INFO  MakeupDao - Found makeup items by id in the database
16:55:39.171 [qtp119418333-18] INFO  OrderItemDao - Found orderItems in the database
16:55:39.176 [qtp119418333-18] INFO  MakeupDao - Found makeup items by id in the database
16:55:39.179 [qtp119418333-18] INFO  MakeupDao - Found makeup items by id in the database
16:55:39.180 [qtp119418333-18] INFO  OrderItemDao - Found orderItems in the database
16:55:39.184 [qtp119418333-18] INFO  MakeupDao - Found makeup items by id in the database
16:55:39.184 [qtp119418333-18] INFO  OrderItemDao - Found orderItems in the database
16:55:39.191 [qtp119418333-18] INFO  MakeupDao - Found makeup items by id in the database
16:55:39.192 [qtp119418333-18] INFO  OrderItemDao - Found orderItems in the database
16:55:39.196 [qtp119418333-18] INFO  MakeupDao - Found makeup items by id in the database
16:55:39.196 [qtp119418333-18] INFO  OrderItemDao - Found orderItems in the database
16:55:39.202 [qtp119418333-18] INFO  MakeupDao - Found makeup items by id in the database
16:55:39.202 [qtp119418333-18] INFO  OrderItemDao - Found orderItems in the database
16:55:39.202 [qtp119418333-18] INFO  OrderDao - Found orders by login in the database
16:55:41.239 [qtp119418333-18] INFO  OrderItemDao - Found orderItems in the database
16:55:41.240 [qtp119418333-18] INFO  OrderDao - Found orders by secureId in the database
17:01:30.063 [qtp2094001478-29] INFO  MakeupDao - Found all makeup items in the database
17:01:38.373 [qtp2094001478-21] INFO  UserDao - Found user by login and pass in the database
17:01:40.794 [qtp2094001478-21] INFO  OrderItemDao - Found orderItems in the database
17:01:40.844 [qtp2094001478-21] INFO  MakeupDao - Found makeup items by id in the database
17:01:40.847 [qtp2094001478-21] INFO  MakeupDao - Found makeup items by id in the database
17:01:40.847 [qtp2094001478-21] INFO  OrderItemDao - Found orderItems in the database
17:01:40.852 [qtp2094001478-21] INFO  MakeupDao - Found makeup items by id in the database
17:01:40.853 [qtp2094001478-21] INFO  OrderItemDao - Found orderItems in the database
17:01:40.858 [qtp2094001478-21] INFO  MakeupDao - Found makeup items by id in the database
17:01:40.861 [qtp2094001478-21] INFO  MakeupDao - Found makeup items by id in the database
17:01:40.861 [qtp2094001478-21] INFO  OrderItemDao - Found orderItems in the database
17:01:40.866 [qtp2094001478-21] INFO  MakeupDao - Found makeup items by id in the database
17:01:40.866 [qtp2094001478-21] INFO  OrderItemDao - Found orderItems in the database
17:01:40.870 [qtp2094001478-21] INFO  MakeupDao - Found makeup items by id in the database
17:01:40.871 [qtp2094001478-21] INFO  OrderItemDao - Found orderItems in the database
17:01:40.878 [qtp2094001478-21] INFO  MakeupDao - Found makeup items by id in the database
17:01:40.878 [qtp2094001478-21] INFO  OrderItemDao - Found orderItems in the database
17:01:40.884 [qtp2094001478-21] INFO  MakeupDao - Found makeup items by id in the database
17:01:40.884 [qtp2094001478-21] INFO  OrderItemDao - Found orderItems in the database
17:01:40.884 [qtp2094001478-21] INFO  OrderDao - Found orders by login in the database
17:01:43.178 [qtp2094001478-21] INFO  OrderItemDao - Found orderItems in the database
17:01:43.179 [qtp2094001478-21] INFO  OrderDao - Found orders by secureId in the database
17:01:48.671 [qtp2094001478-21] INFO  OrderItemDao - Found orderItems in the database
17:01:48.678 [qtp2094001478-21] INFO  MakeupDao - Found makeup items by id in the database
17:01:48.681 [qtp2094001478-21] INFO  MakeupDao - Found makeup items by id in the database
17:01:48.682 [qtp2094001478-21] INFO  OrderItemDao - Found orderItems in the database
17:01:48.690 [qtp2094001478-21] INFO  MakeupDao - Found makeup items by id in the database
17:01:48.691 [qtp2094001478-21] INFO  OrderItemDao - Found orderItems in the database
17:01:48.697 [qtp2094001478-21] INFO  MakeupDao - Found makeup items by id in the database
17:01:48.701 [qtp2094001478-21] INFO  MakeupDao - Found makeup items by id in the database
17:01:48.701 [qtp2094001478-21] INFO  OrderItemDao - Found orderItems in the database
17:01:48.708 [qtp2094001478-21] INFO  MakeupDao - Found makeup items by id in the database
17:01:48.708 [qtp2094001478-21] INFO  OrderItemDao - Found orderItems in the database
17:01:48.714 [qtp2094001478-21] INFO  MakeupDao - Found makeup items by id in the database
17:01:48.714 [qtp2094001478-21] INFO  OrderItemDao - Found orderItems in the database
17:01:48.719 [qtp2094001478-21] INFO  MakeupDao - Found makeup items by id in the database
17:01:48.719 [qtp2094001478-21] INFO  OrderItemDao - Found orderItems in the database
17:01:48.727 [qtp2094001478-21] INFO  MakeupDao - Found makeup items by id in the database
17:01:48.728 [qtp2094001478-21] INFO  OrderItemDao - Found orderItems in the database
17:01:48.728 [qtp2094001478-21] INFO  OrderDao - Found orders by login in the database
17:01:50.861 [qtp2094001478-21] INFO  MakeupDao - Found makeup items by id in the database
17:01:50.861 [qtp2094001478-21] INFO  OrderItemDao - Found orderItems in the database
17:01:50.861 [qtp2094001478-21] INFO  OrderDao - Found orders by secureId in the database
17:02:08.190 [qtp2094001478-21] INFO  OrderItemDao - Found orderItems in the database
17:02:08.194 [qtp2094001478-21] INFO  MakeupDao - Found makeup items by id in the database
17:02:08.198 [qtp2094001478-21] INFO  MakeupDao - Found makeup items by id in the database
17:02:08.198 [qtp2094001478-21] INFO  OrderItemDao - Found orderItems in the database
17:02:08.204 [qtp2094001478-21] INFO  MakeupDao - Found makeup items by id in the database
17:02:08.204 [qtp2094001478-21] INFO  OrderItemDao - Found orderItems in the database
17:02:08.208 [qtp2094001478-21] INFO  MakeupDao - Found makeup items by id in the database
17:02:08.212 [qtp2094001478-21] INFO  MakeupDao - Found makeup items by id in the database
17:02:08.212 [qtp2094001478-21] INFO  OrderItemDao - Found orderItems in the database
17:02:08.217 [qtp2094001478-21] INFO  MakeupDao - Found makeup items by id in the database
17:02:08.218 [qtp2094001478-21] INFO  OrderItemDao - Found orderItems in the database
17:02:08.224 [qtp2094001478-21] INFO  MakeupDao - Found makeup items by id in the database
17:02:08.225 [qtp2094001478-21] INFO  OrderItemDao - Found orderItems in the database
17:02:08.229 [qtp2094001478-21] INFO  MakeupDao - Found makeup items by id in the database
17:02:08.229 [qtp2094001478-21] INFO  OrderItemDao - Found orderItems in the database
17:02:08.235 [qtp2094001478-21] INFO  MakeupDao - Found makeup items by id in the database
17:02:08.235 [qtp2094001478-21] INFO  OrderItemDao - Found orderItems in the database
17:02:08.236 [qtp2094001478-21] INFO  OrderDao - Found orders by login in the database
17:02:10.327 [qtp2094001478-21] INFO  MakeupDao - Found makeup items by id in the database
17:02:10.327 [qtp2094001478-21] INFO  OrderItemDao - Found orderItems in the database
17:02:10.328 [qtp2094001478-21] INFO  OrderDao - Found orders by secureId in the database
17:02:13.711 [qtp2094001478-21] INFO  OrderItemDao - Found orderItems in the database
17:02:13.716 [qtp2094001478-21] INFO  MakeupDao - Found makeup items by id in the database
17:02:13.722 [qtp2094001478-21] INFO  MakeupDao - Found makeup items by id in the database
17:02:13.723 [qtp2094001478-21] INFO  OrderItemDao - Found orderItems in the database
17:02:13.729 [qtp2094001478-21] INFO  MakeupDao - Found makeup items by id in the database
17:02:13.729 [qtp2094001478-21] INFO  OrderItemDao - Found orderItems in the database
17:02:13.734 [qtp2094001478-21] INFO  MakeupDao - Found makeup items by id in the database
17:02:13.737 [qtp2094001478-21] INFO  MakeupDao - Found makeup items by id in the database
17:02:13.737 [qtp2094001478-21] INFO  OrderItemDao - Found orderItems in the database
17:02:13.742 [qtp2094001478-21] INFO  MakeupDao - Found makeup items by id in the database
17:02:13.743 [qtp2094001478-21] INFO  OrderItemDao - Found orderItems in the database
17:02:13.748 [qtp2094001478-21] INFO  MakeupDao - Found makeup items by id in the database
17:02:13.748 [qtp2094001478-21] INFO  OrderItemDao - Found orderItems in the database
17:02:13.754 [qtp2094001478-21] INFO  MakeupDao - Found makeup items by id in the database
17:02:13.754 [qtp2094001478-21] INFO  OrderItemDao - Found orderItems in the database
17:02:13.758 [qtp2094001478-21] INFO  MakeupDao - Found makeup items by id in the database
17:02:13.759 [qtp2094001478-21] INFO  OrderItemDao - Found orderItems in the database
17:02:13.759 [qtp2094001478-21] INFO  OrderDao - Found orders by login in the database
17:02:17.794 [qtp2094001478-21] INFO  MakeupDao - Found makeup items by id in the database
17:02:17.795 [qtp2094001478-21] INFO  OrderItemDao - Found orderItems in the database
17:02:17.795 [qtp2094001478-21] INFO  OrderDao - Found orders by secureId in the database
17:02:24.841 [qtp2094001478-21] INFO  MakeupDao - Found all makeup items in the database
17:02:28.288 [qtp2094001478-26] INFO  MakeupDao - Found makeup items by id in the database
17:02:28.294 [qtp2094001478-26] INFO  MakeupDao - Found makeup items by id in the database
17:02:28.295 [qtp2094001478-26] INFO  StockDao - Found stock by makeupId in the database
17:02:28.307 [qtp2094001478-26] INFO  MakeupDao - Found all makeup items in the database
17:02:31.721 [qtp2094001478-21] INFO  MakeupDao - Found makeup items by id in the database
17:02:31.726 [qtp2094001478-21] INFO  MakeupDao - Found makeup items by id in the database
17:02:31.726 [qtp2094001478-21] INFO  StockDao - Found stock by makeupId in the database
17:02:31.729 [qtp2094001478-21] INFO  MakeupDao - Found all makeup items in the database
17:02:35.271 [qtp2094001478-19] INFO  MakeupDao - Found makeup items by id in the database
17:02:35.275 [qtp2094001478-19] INFO  MakeupDao - Found makeup items by id in the database
17:02:35.276 [qtp2094001478-19] INFO  StockDao - Found stock by makeupId in the database
17:02:35.279 [qtp2094001478-19] INFO  MakeupDao - Found all makeup items in the database
17:13:04.367 [qtp2094001478-22] INFO  MakeupDao - Found all makeup items in the database
17:13:08.502 [qtp2094001478-23] INFO  MakeupDao - Found makeup items by id in the database
17:13:08.507 [qtp2094001478-23] INFO  MakeupDao - Found makeup items by id in the database
17:13:08.507 [qtp2094001478-23] INFO  StockDao - Found stock by makeupId in the database
17:13:08.511 [qtp2094001478-23] INFO  MakeupDao - Found all makeup items in the database
17:13:10.207 [qtp2094001478-24] INFO  OrderItemDao - Found orderItems in the database
17:13:10.212 [qtp2094001478-24] INFO  MakeupDao - Found makeup items by id in the database
17:13:10.216 [qtp2094001478-24] INFO  MakeupDao - Found makeup items by id in the database
17:13:10.216 [qtp2094001478-24] INFO  OrderItemDao - Found orderItems in the database
17:13:10.221 [qtp2094001478-24] INFO  MakeupDao - Found makeup items by id in the database
17:13:10.222 [qtp2094001478-24] INFO  OrderItemDao - Found orderItems in the database
17:13:10.227 [qtp2094001478-24] INFO  MakeupDao - Found makeup items by id in the database
17:13:10.234 [qtp2094001478-24] INFO  MakeupDao - Found makeup items by id in the database
17:13:10.234 [qtp2094001478-24] INFO  OrderItemDao - Found orderItems in the database
17:13:10.239 [qtp2094001478-24] INFO  MakeupDao - Found makeup items by id in the database
17:13:10.239 [qtp2094001478-24] INFO  OrderItemDao - Found orderItems in the database
17:13:10.244 [qtp2094001478-24] INFO  MakeupDao - Found makeup items by id in the database
17:13:10.244 [qtp2094001478-24] INFO  OrderItemDao - Found orderItems in the database
17:13:10.250 [qtp2094001478-24] INFO  MakeupDao - Found makeup items by id in the database
17:13:10.250 [qtp2094001478-24] INFO  OrderItemDao - Found orderItems in the database
17:13:10.255 [qtp2094001478-24] INFO  MakeupDao - Found makeup items by id in the database
17:13:10.256 [qtp2094001478-24] INFO  OrderItemDao - Found orderItems in the database
17:13:10.256 [qtp2094001478-24] INFO  OrderDao - Found orders by login in the database
17:16:25.327 [qtp2094001478-20] INFO  MakeupDao - Found all makeup items in the database
17:16:27.271 [qtp2094001478-18] INFO  MakeupDao - Found all makeup items in the database
17:16:35.820 [qtp2094001478-28] INFO  UserDao - Found user by login and pass in the database
17:16:38.661 [qtp2094001478-28] INFO  MakeupDao - Found all makeup items in the database
17:16:42.075 [qtp2094001478-22] INFO  MakeupDao - Found makeup items by id in the database
17:16:42.116 [qtp2094001478-22] INFO  MakeupDao - Found makeup items by id in the database
17:16:42.117 [qtp2094001478-22] INFO  StockDao - Found stock by makeupId in the database
17:16:42.131 [qtp2094001478-22] INFO  MakeupDao - Found all makeup items in the database
17:20:45.157 [qtp268620178-30] INFO  MakeupDao - Found all makeup items in the database
17:20:53.781 [qtp268620178-19] INFO  UserDao - Found user by login and pass in the database
17:20:56.006 [qtp268620178-19] INFO  MakeupDao - Found all makeup items in the database
17:20:59.782 [qtp268620178-23] INFO  MakeupDao - Found makeup items by id in the database
17:20:59.838 [qtp268620178-23] INFO  MakeupDao - Found makeup items by id in the database
17:20:59.839 [qtp268620178-23] INFO  StockDao - Found stock by makeupId in the database
17:20:59.854 [qtp268620178-23] INFO  MakeupDao - Found all makeup items in the database
17:23:06.735 [qtp1042874081-20] INFO  MakeupDao - Found all makeup items in the database
17:23:14.493 [qtp1042874081-19] INFO  UserDao - Found user by login and pass in the database
17:23:16.608 [qtp1042874081-19] INFO  MakeupDao - Found all makeup items in the database
17:23:19.935 [qtp1042874081-18] INFO  MakeupDao - Found makeup items by id in the database
17:23:19.989 [qtp1042874081-18] INFO  MakeupDao - Found makeup items by id in the database
17:23:19.989 [qtp1042874081-18] INFO  StockDao - Found stock by makeupId in the database
17:23:20.001 [qtp1042874081-18] INFO  MakeupDao - Found all makeup items in the database
17:35:58.476 [qtp800218956-24] INFO  MakeupDao - Found all makeup items in the database
17:36:05.197 [qtp800218956-20] INFO  UserDao - Found user by login and pass in the database
17:36:07.340 [qtp800218956-20] INFO  MakeupDao - Found all makeup items in the database
17:36:13.930 [qtp800218956-20] INFO  MakeupDao - Found makeup items by id in the database
17:36:13.975 [qtp800218956-20] INFO  MakeupDao - Found makeup items by id in the database
17:36:13.976 [qtp800218956-20] INFO  StockDao - Found stock by makeupId in the database
17:36:13.990 [qtp800218956-20] INFO  MakeupDao - Found all makeup items in the database
17:37:03.913 [qtp800218956-20] INFO  MakeupDao - Found makeup items by id in the database
17:37:03.913 [qtp800218956-20] INFO  StockDao - Found stock by makeupId in the database
17:37:03.919 [qtp800218956-20] INFO  MakeupDao - Found makeup items by id in the database
17:37:03.919 [qtp800218956-20] INFO  StockDao - Found stock by makeupId in the database
17:37:03.927 [qtp800218956-20] INFO  StockDao - Update reserve stock in the database
17:37:03.956 [qtp800218956-20] INFO  OrderDao - Order save
17:37:04.003 [qtp800218956-20] INFO  MakeupDao - Found makeup items by id in the database
17:37:04.004 [qtp800218956-20] INFO  OrderItemDao - Found orderItems in the database
17:37:04.008 [qtp800218956-20] INFO  OrderDao - Found orders by secureId in the database
17:47:54.341 [qtp800218956-20] INFO  MakeupDao - Found all makeup items in the database
17:48:03.255 [qtp800218956-19] INFO  UserDao - Found user by login and pass in the database
17:48:05.030 [qtp800218956-19] INFO  MakeupDao - Found all makeup items in the database
17:48:08.468 [qtp800218956-18] INFO  MakeupDao - Found makeup items by id in the database
17:48:08.512 [qtp800218956-18] INFO  MakeupDao - Found makeup items by id in the database
17:48:08.513 [qtp800218956-18] INFO  StockDao - Found stock by makeupId in the database
17:48:08.527 [qtp800218956-18] INFO  MakeupDao - Found all makeup items in the database
17:48:12.062 [qtp800218956-19] INFO  MakeupDao - Found makeup items by id in the database
17:48:12.068 [qtp800218956-19] INFO  MakeupDao - Found makeup items by id in the database
17:48:12.068 [qtp800218956-19] INFO  StockDao - Found stock by makeupId in the database
17:48:12.072 [qtp800218956-19] INFO  MakeupDao - Found all makeup items in the database
17:48:36.079 [qtp800218956-18] INFO  MakeupDao - Found makeup items by id in the database
17:48:36.080 [qtp800218956-18] INFO  StockDao - Found stock by makeupId in the database
17:48:36.085 [qtp800218956-18] INFO  MakeupDao - Found makeup items by id in the database
17:48:36.086 [qtp800218956-18] INFO  StockDao - Found stock by makeupId in the database
17:48:36.091 [qtp800218956-18] INFO  MakeupDao - Found makeup items by id in the database
17:48:36.092 [qtp800218956-18] INFO  StockDao - Found stock by makeupId in the database
17:48:36.098 [qtp800218956-18] INFO  StockDao - Update reserve stock in the database
17:48:36.103 [qtp800218956-18] INFO  MakeupDao - Found makeup items by id in the database
17:48:36.104 [qtp800218956-18] INFO  StockDao - Found stock by makeupId in the database
17:48:36.109 [qtp800218956-18] INFO  StockDao - Update reserve stock in the database
17:48:36.142 [qtp800218956-18] INFO  OrderDao - Order save
17:48:36.191 [qtp800218956-18] INFO  MakeupDao - Found makeup items by id in the database
17:48:36.195 [qtp800218956-18] INFO  MakeupDao - Found makeup items by id in the database
17:48:36.196 [qtp800218956-18] INFO  OrderItemDao - Found orderItems in the database
17:48:36.199 [qtp800218956-18] INFO  OrderDao - Found orders by secureId in the database
17:49:27.077 [qtp800218956-25] INFO  OrderItemDao - Found orderItems in the database
17:49:27.082 [qtp800218956-25] INFO  MakeupDao - Found makeup items by id in the database
17:49:27.085 [qtp800218956-25] INFO  MakeupDao - Found makeup items by id in the database
17:49:27.085 [qtp800218956-25] INFO  OrderItemDao - Found orderItems in the database
17:49:27.091 [qtp800218956-25] INFO  MakeupDao - Found makeup items by id in the database
17:49:27.092 [qtp800218956-25] INFO  OrderItemDao - Found orderItems in the database
17:49:27.097 [qtp800218956-25] INFO  MakeupDao - Found makeup items by id in the database
17:49:27.099 [qtp800218956-25] INFO  MakeupDao - Found makeup items by id in the database
17:49:27.100 [qtp800218956-25] INFO  OrderItemDao - Found orderItems in the database
17:49:27.106 [qtp800218956-25] INFO  MakeupDao - Found makeup items by id in the database
17:49:27.106 [qtp800218956-25] INFO  OrderItemDao - Found orderItems in the database
17:49:27.112 [qtp800218956-25] INFO  MakeupDao - Found makeup items by id in the database
17:49:27.112 [qtp800218956-25] INFO  OrderItemDao - Found orderItems in the database
17:49:27.117 [qtp800218956-25] INFO  MakeupDao - Found makeup items by id in the database
17:49:27.117 [qtp800218956-25] INFO  OrderItemDao - Found orderItems in the database
17:49:27.123 [qtp800218956-25] INFO  MakeupDao - Found makeup items by id in the database
17:49:27.123 [qtp800218956-25] INFO  OrderItemDao - Found orderItems in the database
17:49:27.129 [qtp800218956-25] INFO  MakeupDao - Found makeup items by id in the database
17:49:27.129 [qtp800218956-25] INFO  OrderItemDao - Found orderItems in the database
17:49:27.134 [qtp800218956-25] INFO  MakeupDao - Found makeup items by id in the database
17:49:27.136 [qtp800218956-25] INFO  MakeupDao - Found makeup items by id in the database
17:49:27.137 [qtp800218956-25] INFO  OrderItemDao - Found orderItems in the database
17:49:27.137 [qtp800218956-25] INFO  OrderDao - Found orders by login in the database
17:49:30.242 [qtp800218956-20] INFO  OrderItemDao - Found orderItems in the database
17:49:30.242 [qtp800218956-20] INFO  OrderDao - Found orders by secureId in the database
17:49:33.128 [qtp800218956-20] INFO  OrderItemDao - Found orderItems in the database
17:49:33.132 [qtp800218956-20] INFO  MakeupDao - Found makeup items by id in the database
17:49:33.135 [qtp800218956-20] INFO  MakeupDao - Found makeup items by id in the database
17:49:33.135 [qtp800218956-20] INFO  OrderItemDao - Found orderItems in the database
17:49:33.142 [qtp800218956-20] INFO  MakeupDao - Found makeup items by id in the database
17:49:33.143 [qtp800218956-20] INFO  OrderItemDao - Found orderItems in the database
17:49:33.148 [qtp800218956-20] INFO  MakeupDao - Found makeup items by id in the database
17:49:33.150 [qtp800218956-20] INFO  MakeupDao - Found makeup items by id in the database
17:49:33.151 [qtp800218956-20] INFO  OrderItemDao - Found orderItems in the database
17:49:33.156 [qtp800218956-20] INFO  MakeupDao - Found makeup items by id in the database
17:49:33.156 [qtp800218956-20] INFO  OrderItemDao - Found orderItems in the database
17:49:33.161 [qtp800218956-20] INFO  MakeupDao - Found makeup items by id in the database
17:49:33.162 [qtp800218956-20] INFO  OrderItemDao - Found orderItems in the database
17:49:33.166 [qtp800218956-20] INFO  MakeupDao - Found makeup items by id in the database
17:49:33.166 [qtp800218956-20] INFO  OrderItemDao - Found orderItems in the database
17:49:33.171 [qtp800218956-20] INFO  MakeupDao - Found makeup items by id in the database
17:49:33.172 [qtp800218956-20] INFO  OrderItemDao - Found orderItems in the database
17:49:33.177 [qtp800218956-20] INFO  MakeupDao - Found makeup items by id in the database
17:49:33.177 [qtp800218956-20] INFO  OrderItemDao - Found orderItems in the database
17:49:33.182 [qtp800218956-20] INFO  MakeupDao - Found makeup items by id in the database
17:49:33.185 [qtp800218956-20] INFO  MakeupDao - Found makeup items by id in the database
17:49:33.185 [qtp800218956-20] INFO  OrderItemDao - Found orderItems in the database
17:49:33.186 [qtp800218956-20] INFO  OrderDao - Found orders by login in the database
17:49:35.292 [qtp800218956-20] INFO  MakeupDao - Found makeup items by id in the database
17:49:35.295 [qtp800218956-20] INFO  MakeupDao - Found makeup items by id in the database
17:49:35.295 [qtp800218956-20] INFO  OrderItemDao - Found orderItems in the database
17:49:35.295 [qtp800218956-20] INFO  OrderDao - Found orders by secureId in the database
17:49:40.539 [qtp800218956-20] INFO  OrderItemDao - Found orderItems in the database
17:49:40.545 [qtp800218956-20] INFO  MakeupDao - Found makeup items by id in the database
17:49:40.549 [qtp800218956-20] INFO  MakeupDao - Found makeup items by id in the database
17:49:40.549 [qtp800218956-20] INFO  OrderItemDao - Found orderItems in the database
17:49:40.557 [qtp800218956-20] INFO  MakeupDao - Found makeup items by id in the database
17:49:40.557 [qtp800218956-20] INFO  OrderItemDao - Found orderItems in the database
17:49:40.562 [qtp800218956-20] INFO  MakeupDao - Found makeup items by id in the database
17:49:40.565 [qtp800218956-20] INFO  MakeupDao - Found makeup items by id in the database
17:49:40.565 [qtp800218956-20] INFO  OrderItemDao - Found orderItems in the database
17:49:40.571 [qtp800218956-20] INFO  MakeupDao - Found makeup items by id in the database
17:49:40.572 [qtp800218956-20] INFO  OrderItemDao - Found orderItems in the database
17:49:40.577 [qtp800218956-20] INFO  MakeupDao - Found makeup items by id in the database
17:49:40.577 [qtp800218956-20] INFO  OrderItemDao - Found orderItems in the database
17:49:40.581 [qtp800218956-20] INFO  MakeupDao - Found makeup items by id in the database
17:49:40.581 [qtp800218956-20] INFO  OrderItemDao - Found orderItems in the database
17:49:40.585 [qtp800218956-20] INFO  MakeupDao - Found makeup items by id in the database
17:49:40.586 [qtp800218956-20] INFO  OrderItemDao - Found orderItems in the database
17:49:40.592 [qtp800218956-20] INFO  MakeupDao - Found makeup items by id in the database
17:49:40.592 [qtp800218956-20] INFO  OrderItemDao - Found orderItems in the database
17:49:40.596 [qtp800218956-20] INFO  MakeupDao - Found makeup items by id in the database
17:49:40.599 [qtp800218956-20] INFO  MakeupDao - Found makeup items by id in the database
17:49:40.599 [qtp800218956-20] INFO  OrderItemDao - Found orderItems in the database
17:49:40.600 [qtp800218956-20] INFO  OrderDao - Found orders by login in the database
17:49:42.646 [qtp800218956-20] INFO  MakeupDao - Found makeup items by id in the database
17:49:42.647 [qtp800218956-20] INFO  OrderItemDao - Found orderItems in the database
17:49:42.647 [qtp800218956-20] INFO  OrderDao - Found orders by secureId in the database
17:49:54.887 [qtp800218956-20] INFO  UserDao - Found user by login and pass in the database
17:50:02.544 [qtp800218956-20] INFO  OrderItemDao - Found orderItems in the database
17:50:02.548 [qtp800218956-20] INFO  MakeupDao - Found makeup items by id in the database
17:50:02.553 [qtp800218956-20] INFO  MakeupDao - Found makeup items by id in the database
17:50:02.553 [qtp800218956-20] INFO  OrderItemDao - Found orderItems in the database
17:50:02.558 [qtp800218956-20] INFO  MakeupDao - Found makeup items by id in the database
17:50:02.558 [qtp800218956-20] INFO  OrderItemDao - Found orderItems in the database
17:50:02.562 [qtp800218956-20] INFO  MakeupDao - Found makeup items by id in the database
17:50:02.565 [qtp800218956-20] INFO  MakeupDao - Found makeup items by id in the database
17:50:02.565 [qtp800218956-20] INFO  OrderItemDao - Found orderItems in the database
17:50:02.570 [qtp800218956-20] INFO  MakeupDao - Found makeup items by id in the database
17:50:02.570 [qtp800218956-20] INFO  OrderItemDao - Found orderItems in the database
17:50:02.575 [qtp800218956-20] INFO  MakeupDao - Found makeup items by id in the database
17:50:02.575 [qtp800218956-20] INFO  OrderItemDao - Found orderItems in the database
17:50:02.579 [qtp800218956-20] INFO  MakeupDao - Found makeup items by id in the database
17:50:02.580 [qtp800218956-20] INFO  OrderItemDao - Found orderItems in the database
17:50:02.586 [qtp800218956-20] INFO  MakeupDao - Found makeup items by id in the database
17:50:02.586 [qtp800218956-20] INFO  OrderItemDao - Found orderItems in the database
17:50:02.591 [qtp800218956-20] INFO  MakeupDao - Found makeup items by id in the database
17:50:02.591 [qtp800218956-20] INFO  OrderItemDao - Found orderItems in the database
17:50:02.596 [qtp800218956-20] INFO  MakeupDao - Found makeup items by id in the database
17:50:02.598 [qtp800218956-20] INFO  MakeupDao - Found makeup items by id in the database
17:50:02.598 [qtp800218956-20] INFO  OrderItemDao - Found orderItems in the database
17:50:02.599 [qtp800218956-20] INFO  OrderDao - Found all orders in the database
17:50:08.624 [qtp800218956-20] INFO  OrderItemDao - Found orderItems in the database
17:50:08.625 [qtp800218956-20] INFO  OrderDao - Found order by id in the database
17:50:17.534 [qtp800218956-20] INFO  OrderDao - Status changed in the database
17:50:17.539 [qtp800218956-20] INFO  OrderItemDao - Found orderItems in the database
17:50:17.540 [qtp800218956-20] INFO  OrderDao - Found order by id in the database
17:53:38.308 [qtp1474155611-22] INFO  MakeupDao - Found all makeup items in the database
17:53:54.454 [qtp1474155611-23] INFO  UserDao - Found user by login and pass in the database
17:53:56.709 [qtp1474155611-23] INFO  OrderItemDao - Found orderItems in the database
17:53:56.762 [qtp1474155611-23] INFO  MakeupDao - Found makeup items by id in the database
17:53:56.765 [qtp1474155611-23] INFO  MakeupDao - Found makeup items by id in the database
17:53:56.765 [qtp1474155611-23] INFO  OrderItemDao - Found orderItems in the database
17:53:56.772 [qtp1474155611-23] INFO  MakeupDao - Found makeup items by id in the database
17:53:56.773 [qtp1474155611-23] INFO  OrderItemDao - Found orderItems in the database
17:53:56.778 [qtp1474155611-23] INFO  MakeupDao - Found makeup items by id in the database
17:53:56.780 [qtp1474155611-23] INFO  MakeupDao - Found makeup items by id in the database
17:53:56.780 [qtp1474155611-23] INFO  OrderItemDao - Found orderItems in the database
17:53:56.785 [qtp1474155611-23] INFO  MakeupDao - Found makeup items by id in the database
17:53:56.785 [qtp1474155611-23] INFO  OrderItemDao - Found orderItems in the database
17:53:56.792 [qtp1474155611-23] INFO  MakeupDao - Found makeup items by id in the database
17:53:56.792 [qtp1474155611-23] INFO  OrderItemDao - Found orderItems in the database
17:53:56.796 [qtp1474155611-23] INFO  MakeupDao - Found makeup items by id in the database
17:53:56.796 [qtp1474155611-23] INFO  OrderItemDao - Found orderItems in the database
17:53:56.801 [qtp1474155611-23] INFO  MakeupDao - Found makeup items by id in the database
17:53:56.801 [qtp1474155611-23] INFO  OrderItemDao - Found orderItems in the database
17:53:56.806 [qtp1474155611-23] INFO  MakeupDao - Found makeup items by id in the database
17:53:56.807 [qtp1474155611-23] INFO  OrderItemDao - Found orderItems in the database
17:53:56.812 [qtp1474155611-23] INFO  MakeupDao - Found makeup items by id in the database
17:53:56.815 [qtp1474155611-23] INFO  MakeupDao - Found makeup items by id in the database
17:53:56.815 [qtp1474155611-23] INFO  OrderItemDao - Found orderItems in the database
17:53:56.816 [qtp1474155611-23] INFO  OrderDao - Found all orders in the database
17:53:59.629 [qtp1474155611-23] INFO  OrderItemDao - Found orderItems in the database
17:53:59.629 [qtp1474155611-23] INFO  OrderDao - Found order by id in the database
17:54:09.384 [qtp1474155611-19] INFO  MakeupDao - Found makeup items by id in the database
17:54:09.390 [qtp1474155611-19] INFO  MakeupDao - Found makeup items by id in the database
17:54:09.390 [qtp1474155611-19] INFO  OrderItemDao - Found orderItems in the database
17:54:09.390 [qtp1474155611-19] INFO  OrderDao - Found order by id in the database
17:54:31.043 [qtp1474155611-19] INFO  OrderDao - Status changed in the database
17:54:31.051 [qtp1474155611-19] INFO  MakeupDao - Found makeup items by id in the database
17:54:31.055 [qtp1474155611-19] INFO  MakeupDao - Found makeup items by id in the database
17:54:31.055 [qtp1474155611-19] INFO  OrderItemDao - Found orderItems in the database
17:54:31.055 [qtp1474155611-19] INFO  OrderDao - Found order by id in the database
17:54:35.069 [qtp1474155611-19] INFO  MakeupDao - Found makeup items by id in the database
17:54:35.072 [qtp1474155611-19] INFO  MakeupDao - Found makeup items by id in the database
17:54:35.072 [qtp1474155611-19] INFO  OrderItemDao - Found orderItems in the database
17:54:35.072 [qtp1474155611-19] INFO  OrderDao - Found order by id in the database
17:54:39.336 [qtp1474155611-19] INFO  OrderItemDao - Found orderItems in the database
17:54:39.341 [qtp1474155611-19] INFO  MakeupDao - Found makeup items by id in the database
17:54:39.345 [qtp1474155611-19] INFO  MakeupDao - Found makeup items by id in the database
17:54:39.345 [qtp1474155611-19] INFO  OrderItemDao - Found orderItems in the database
17:54:39.353 [qtp1474155611-19] INFO  MakeupDao - Found makeup items by id in the database
17:54:39.353 [qtp1474155611-19] INFO  OrderItemDao - Found orderItems in the database
17:54:39.359 [qtp1474155611-19] INFO  MakeupDao - Found makeup items by id in the database
17:54:39.363 [qtp1474155611-19] INFO  MakeupDao - Found makeup items by id in the database
17:54:39.364 [qtp1474155611-19] INFO  OrderItemDao - Found orderItems in the database
17:54:39.370 [qtp1474155611-19] INFO  MakeupDao - Found makeup items by id in the database
17:54:39.371 [qtp1474155611-19] INFO  OrderItemDao - Found orderItems in the database
17:54:39.377 [qtp1474155611-19] INFO  MakeupDao - Found makeup items by id in the database
17:54:39.377 [qtp1474155611-19] INFO  OrderItemDao - Found orderItems in the database
17:54:39.383 [qtp1474155611-19] INFO  MakeupDao - Found makeup items by id in the database
17:54:39.384 [qtp1474155611-19] INFO  OrderItemDao - Found orderItems in the database
17:54:39.389 [qtp1474155611-19] INFO  MakeupDao - Found makeup items by id in the database
17:54:39.390 [qtp1474155611-19] INFO  OrderItemDao - Found orderItems in the database
17:54:39.395 [qtp1474155611-19] INFO  MakeupDao - Found makeup items by id in the database
17:54:39.396 [qtp1474155611-19] INFO  OrderItemDao - Found orderItems in the database
17:54:39.402 [qtp1474155611-19] INFO  MakeupDao - Found makeup items by id in the database
17:54:39.405 [qtp1474155611-19] INFO  MakeupDao - Found makeup items by id in the database
17:54:39.405 [qtp1474155611-19] INFO  OrderItemDao - Found orderItems in the database
17:54:39.406 [qtp1474155611-19] INFO  OrderDao - Found all orders in the database
17:54:42.304 [qtp1474155611-19] INFO  MakeupDao - Found makeup items by id in the database
17:54:42.307 [qtp1474155611-19] INFO  MakeupDao - Found makeup items by id in the database
17:54:42.307 [qtp1474155611-19] INFO  OrderItemDao - Found orderItems in the database
17:54:42.307 [qtp1474155611-19] INFO  OrderDao - Found order by id in the database
17:54:44.652 [qtp1474155611-19] INFO  OrderItemDao - Found orderItems in the database
17:54:44.658 [qtp1474155611-19] INFO  MakeupDao - Found makeup items by id in the database
17:54:44.661 [qtp1474155611-19] INFO  MakeupDao - Found makeup items by id in the database
17:54:44.661 [qtp1474155611-19] INFO  OrderItemDao - Found orderItems in the database
17:54:44.667 [qtp1474155611-19] INFO  MakeupDao - Found makeup items by id in the database
17:54:44.667 [qtp1474155611-19] INFO  OrderItemDao - Found orderItems in the database
17:54:44.671 [qtp1474155611-19] INFO  MakeupDao - Found makeup items by id in the database
17:54:44.674 [qtp1474155611-19] INFO  MakeupDao - Found makeup items by id in the database
17:54:44.674 [qtp1474155611-19] INFO  OrderItemDao - Found orderItems in the database
17:54:44.680 [qtp1474155611-19] INFO  MakeupDao - Found makeup items by id in the database
17:54:44.681 [qtp1474155611-19] INFO  OrderItemDao - Found orderItems in the database
17:54:44.686 [qtp1474155611-19] INFO  MakeupDao - Found makeup items by id in the database
17:54:44.686 [qtp1474155611-19] INFO  OrderItemDao - Found orderItems in the database
17:54:44.691 [qtp1474155611-19] INFO  MakeupDao - Found makeup items by id in the database
17:54:44.691 [qtp1474155611-19] INFO  OrderItemDao - Found orderItems in the database
17:54:44.697 [qtp1474155611-19] INFO  MakeupDao - Found makeup items by id in the database
17:54:44.697 [qtp1474155611-19] INFO  OrderItemDao - Found orderItems in the database
17:54:44.702 [qtp1474155611-19] INFO  MakeupDao - Found makeup items by id in the database
17:54:44.703 [qtp1474155611-19] INFO  OrderItemDao - Found orderItems in the database
17:54:44.707 [qtp1474155611-19] INFO  MakeupDao - Found makeup items by id in the database
17:54:44.710 [qtp1474155611-19] INFO  MakeupDao - Found makeup items by id in the database
17:54:44.710 [qtp1474155611-19] INFO  OrderItemDao - Found orderItems in the database
17:54:44.710 [qtp1474155611-19] INFO  OrderDao - Found all orders in the database
17:54:48.066 [qtp1474155611-19] INFO  MakeupDao - Found makeup items by id in the database
17:54:48.066 [qtp1474155611-19] INFO  OrderItemDao - Found orderItems in the database
17:54:48.067 [qtp1474155611-19] INFO  OrderDao - Found order by id in the database
17:54:51.578 [qtp1474155611-19] INFO  OrderDao - Status changed in the database
17:54:51.585 [qtp1474155611-19] INFO  MakeupDao - Found makeup items by id in the database
17:54:51.586 [qtp1474155611-19] INFO  OrderItemDao - Found orderItems in the database
17:54:51.586 [qtp1474155611-19] INFO  OrderDao - Found order by id in the database
17:54:53.351 [qtp1474155611-19] INFO  OrderItemDao - Found orderItems in the database
17:54:53.355 [qtp1474155611-19] INFO  MakeupDao - Found makeup items by id in the database
17:54:53.358 [qtp1474155611-19] INFO  MakeupDao - Found makeup items by id in the database
17:54:53.358 [qtp1474155611-19] INFO  OrderItemDao - Found orderItems in the database
17:54:53.363 [qtp1474155611-19] INFO  MakeupDao - Found makeup items by id in the database
17:54:53.363 [qtp1474155611-19] INFO  OrderItemDao - Found orderItems in the database
17:54:53.369 [qtp1474155611-19] INFO  MakeupDao - Found makeup items by id in the database
17:54:53.371 [qtp1474155611-19] INFO  MakeupDao - Found makeup items by id in the database
17:54:53.372 [qtp1474155611-19] INFO  OrderItemDao - Found orderItems in the database
17:54:53.376 [qtp1474155611-19] INFO  MakeupDao - Found makeup items by id in the database
17:54:53.376 [qtp1474155611-19] INFO  OrderItemDao - Found orderItems in the database
17:54:53.382 [qtp1474155611-19] INFO  MakeupDao - Found makeup items by id in the database
17:54:53.382 [qtp1474155611-19] INFO  OrderItemDao - Found orderItems in the database
17:54:53.387 [qtp1474155611-19] INFO  MakeupDao - Found makeup items by id in the database
17:54:53.387 [qtp1474155611-19] INFO  OrderItemDao - Found orderItems in the database
17:54:53.391 [qtp1474155611-19] INFO  MakeupDao - Found makeup items by id in the database
17:54:53.391 [qtp1474155611-19] INFO  OrderItemDao - Found orderItems in the database
17:54:53.396 [qtp1474155611-19] INFO  MakeupDao - Found makeup items by id in the database
17:54:53.396 [qtp1474155611-19] INFO  OrderItemDao - Found orderItems in the database
17:54:53.402 [qtp1474155611-19] INFO  MakeupDao - Found makeup items by id in the database
17:54:53.405 [qtp1474155611-19] INFO  MakeupDao - Found makeup items by id in the database
17:54:53.405 [qtp1474155611-19] INFO  OrderItemDao - Found orderItems in the database
17:54:53.405 [qtp1474155611-19] INFO  OrderDao - Found all orders in the database
17:54:56.270 [qtp1474155611-19] INFO  MakeupDao - Found makeup items by id in the database
17:54:56.270 [qtp1474155611-19] INFO  OrderItemDao - Found orderItems in the database
17:54:56.270 [qtp1474155611-19] INFO  OrderDao - Found order by id in the database
17:54:59.659 [qtp1474155611-19] INFO  UserDao - Found all users in the database
17:55:07.839 [qtp1474155611-19] INFO  UserDao - Found user by id in the database
17:55:07.847 [qtp1474155611-19] INFO  UserDao - Delete user
17:55:07.850 [qtp1474155611-19] INFO  UserDao - Found all users in the database
17:55:12.901 [qtp1474155611-19] INFO  OrderItemDao - Found orderItems in the database
17:55:12.906 [qtp1474155611-19] INFO  MakeupDao - Found makeup items by id in the database
17:55:12.909 [qtp1474155611-19] INFO  MakeupDao - Found makeup items by id in the database
17:55:12.910 [qtp1474155611-19] INFO  OrderItemDao - Found orderItems in the database
17:55:12.914 [qtp1474155611-19] INFO  MakeupDao - Found makeup items by id in the database
17:55:12.915 [qtp1474155611-19] INFO  OrderItemDao - Found orderItems in the database
17:55:12.919 [qtp1474155611-19] INFO  MakeupDao - Found makeup items by id in the database
17:55:12.921 [qtp1474155611-19] INFO  MakeupDao - Found makeup items by id in the database
17:55:12.922 [qtp1474155611-19] INFO  OrderItemDao - Found orderItems in the database
17:55:12.927 [qtp1474155611-19] INFO  MakeupDao - Found makeup items by id in the database
17:55:12.927 [qtp1474155611-19] INFO  OrderItemDao - Found orderItems in the database
17:55:12.932 [qtp1474155611-19] INFO  MakeupDao - Found makeup items by id in the database
17:55:12.933 [qtp1474155611-19] INFO  OrderItemDao - Found orderItems in the database
17:55:12.936 [qtp1474155611-19] INFO  MakeupDao - Found makeup items by id in the database
17:55:12.937 [qtp1474155611-19] INFO  OrderItemDao - Found orderItems in the database
17:55:12.941 [qtp1474155611-19] INFO  MakeupDao - Found makeup items by id in the database
17:55:12.941 [qtp1474155611-19] INFO  OrderItemDao - Found orderItems in the database
17:55:12.946 [qtp1474155611-19] INFO  MakeupDao - Found makeup items by id in the database
17:55:12.947 [qtp1474155611-19] INFO  OrderItemDao - Found orderItems in the database
17:55:12.951 [qtp1474155611-19] INFO  MakeupDao - Found makeup items by id in the database
17:55:12.954 [qtp1474155611-19] INFO  MakeupDao - Found makeup items by id in the database
17:55:12.954 [qtp1474155611-19] INFO  OrderItemDao - Found orderItems in the database
17:55:12.954 [qtp1474155611-19] INFO  OrderDao - Found all orders in the database
17:55:15.271 [qtp1474155611-19] INFO  MakeupDao - Found all makeup items in the database
17:55:36.702 [qtp1474155611-19] INFO  MakeupDao - Found all makeup items in the database
18:12:18.254 [qtp1474155611-34] INFO  MakeupDao - Found all makeup items in the database
18:12:24.235 [qtp1474155611-21] INFO  MakeupDao - Found all makeup items in the database
18:12:27.972 [qtp1474155611-34] INFO  UserDao - Found all users in the database
18:12:30.220 [qtp1474155611-34] INFO  OrderItemDao - Found orderItems in the database
18:12:30.225 [qtp1474155611-34] INFO  MakeupDao - Found makeup items by id in the database
18:12:30.230 [qtp1474155611-34] INFO  MakeupDao - Found makeup items by id in the database
18:12:30.230 [qtp1474155611-34] INFO  OrderItemDao - Found orderItems in the database
18:12:30.236 [qtp1474155611-34] INFO  MakeupDao - Found makeup items by id in the database
18:12:30.236 [qtp1474155611-34] INFO  OrderItemDao - Found orderItems in the database
18:12:30.241 [qtp1474155611-34] INFO  MakeupDao - Found makeup items by id in the database
18:12:30.243 [qtp1474155611-34] INFO  MakeupDao - Found makeup items by id in the database
18:12:30.244 [qtp1474155611-34] INFO  OrderItemDao - Found orderItems in the database
18:12:30.249 [qtp1474155611-34] INFO  MakeupDao - Found makeup items by id in the database
18:12:30.249 [qtp1474155611-34] INFO  OrderItemDao - Found orderItems in the database
18:12:30.253 [qtp1474155611-34] INFO  MakeupDao - Found makeup items by id in the database
18:12:30.253 [qtp1474155611-34] INFO  OrderItemDao - Found orderItems in the database
18:12:30.258 [qtp1474155611-34] INFO  MakeupDao - Found makeup items by id in the database
18:12:30.258 [qtp1474155611-34] INFO  OrderItemDao - Found orderItems in the database
18:12:30.263 [qtp1474155611-34] INFO  MakeupDao - Found makeup items by id in the database
18:12:30.263 [qtp1474155611-34] INFO  OrderItemDao - Found orderItems in the database
18:12:30.268 [qtp1474155611-34] INFO  MakeupDao - Found makeup items by id in the database
18:12:30.268 [qtp1474155611-34] INFO  OrderItemDao - Found orderItems in the database
18:12:30.272 [qtp1474155611-34] INFO  MakeupDao - Found makeup items by id in the database
18:12:30.274 [qtp1474155611-34] INFO  MakeupDao - Found makeup items by id in the database
18:12:30.275 [qtp1474155611-34] INFO  OrderItemDao - Found orderItems in the database
18:12:30.275 [qtp1474155611-34] INFO  OrderDao - Found all orders in the database
18:12:31.101 [qtp1474155611-34] INFO  OrderItemDao - Found orderItems in the database
18:12:31.105 [qtp1474155611-34] INFO  MakeupDao - Found makeup items by id in the database
18:12:31.108 [qtp1474155611-34] INFO  MakeupDao - Found makeup items by id in the database
18:12:31.108 [qtp1474155611-34] INFO  OrderItemDao - Found orderItems in the database
18:12:31.113 [qtp1474155611-34] INFO  MakeupDao - Found makeup items by id in the database
18:12:31.114 [qtp1474155611-34] INFO  OrderItemDao - Found orderItems in the database
18:12:31.119 [qtp1474155611-34] INFO  MakeupDao - Found makeup items by id in the database
18:12:31.121 [qtp1474155611-34] INFO  MakeupDao - Found makeup items by id in the database
18:12:31.121 [qtp1474155611-34] INFO  OrderItemDao - Found orderItems in the database
18:12:31.125 [qtp1474155611-34] INFO  MakeupDao - Found makeup items by id in the database
18:12:31.126 [qtp1474155611-34] INFO  OrderItemDao - Found orderItems in the database
18:12:31.131 [qtp1474155611-34] INFO  MakeupDao - Found makeup items by id in the database
18:12:31.132 [qtp1474155611-34] INFO  OrderItemDao - Found orderItems in the database
18:12:31.136 [qtp1474155611-34] INFO  MakeupDao - Found makeup items by id in the database
18:12:31.136 [qtp1474155611-34] INFO  OrderItemDao - Found orderItems in the database
18:12:31.140 [qtp1474155611-34] INFO  MakeupDao - Found makeup items by id in the database
18:12:31.140 [qtp1474155611-34] INFO  OrderItemDao - Found orderItems in the database
18:12:31.145 [qtp1474155611-34] INFO  MakeupDao - Found makeup items by id in the database
18:12:31.145 [qtp1474155611-34] INFO  OrderItemDao - Found orderItems in the database
18:12:31.149 [qtp1474155611-34] INFO  MakeupDao - Found makeup items by id in the database
18:12:31.152 [qtp1474155611-34] INFO  MakeupDao - Found makeup items by id in the database
18:12:31.152 [qtp1474155611-34] INFO  OrderItemDao - Found orderItems in the database
18:12:31.152 [qtp1474155611-34] INFO  OrderDao - Found all orders in the database
18:15:16.971 [qtp800218956-21] INFO  MakeupDao - Found all makeup items in the database
18:15:29.792 [qtp800218956-20] INFO  UserDao - Found user by login and pass in the database
18:15:35.167 [qtp800218956-20] INFO  UserDao - Add user
